[data] Loaded 100000 points, dim=960 from data/gist/gist_base_100k.fvecs (fvecs)

========================================
  NN-Descent C++ Experiment
========================================
n=100000 dim=960 k=10
init=Random
filter=projection

[ground-truth] Loaded from data/gist100k_l2_gt.bin (n=100000 k=10)
[proj-filter] Building: m=32 pτ=0.95 χ²=46.1919 t=6.79646
[proj-filter] Done. Storage: 12 MB
[init] Random
[init] Done. dist_comps=1000000 time=3.36521s
[iter 1] updates=3552927 dist=14752770 filtered=4747730 rate=24.3467% cumul=15752770 recall=0.003947 join=10.982s time=11.2581s
[iter 2] updates=1831915 dist=17624731 filtered=3703196 rate=17.3631% cumul=33377501 recall=0.03979 join=11.4097s time=11.63s
[iter 3] updates=1320408 dist=16975588 filtered=3509490 rate=17.1319% cumul=50353089 recall=0.190966 join=12.1933s time=12.3703s
[iter 4] updates=827318 dist=17255570 filtered=3470902 rate=16.7462% cumul=67608659 recall=0.437828 join=11.7338s time=11.9778s
[iter 5] updates=408155 dist=16969913 filtered=3356779 rate=16.5141% cumul=84578572 recall=0.628418 join=12.689s time=12.8942s
[iter 6] updates=161546 dist=11061201 filtered=2277591 rate=17.0749% cumul=95639773 recall=0.718159 join=8.2715s time=8.47001s
[iter 7] updates=59222 dist=4701693 filtered=966731 rate=17.0547% cumul=100341466 recall=0.753193 join=5.20082s time=5.37265s
[iter 8] updates=22527 dist=1802658 filtered=376702 rate=17.285% cumul=102144124 recall=0.766725 join=2.31912s time=2.52832s
[iter 9] updates=9023 dist=700169 filtered=144527 rate=17.1099% cumul=102844293 recall=0.772189 join=1.00051s time=1.20711s
[iter 10] updates=3540 dist=285599 filtered=59081 rate=17.1408% cumul=103129892 recall=0.774302 join=0.378273s time=0.57457s
[iter 11] updates=1427 dist=113064 filtered=23742 rate=17.3545% cumul=103242956 recall=0.775147 join=0.156788s time=0.346296s
[iter 12] updates=585 dist=45537 filtered=9321 rate=16.9911% cumul=103288493 recall=0.775488 join=0.0611369s time=0.278884s
[converged] updates=585 < threshold=1000

[final] Recall = 0.775488
[final] Total dist_comps = 103288493
[final] Total time = 82.4798s
[report] Written to results/gist100k_random_proj_pt095_search.txt

========================================
  Graph Search
========================================
[data] Loaded 1000 points, dim=960 from data/gist/gist_query_heldout_1k.fvecs (fvecs)
[data] Loaded 1000 vectors, dim=10 from data/gist100k_search_gt_heldout_1k.ivecs (ivecs)
queries=1000 search_k=10 epsilon=0.1 entry_points=1
ef_list=10,20,50,100

ef,recall@10,QPS,dist_comps,time_sec
10,0.3995,2832.1,229636,0.3531
20,0.4733,1796.1,361789,0.5568
50,0.5597,1011.9,651537,0.9883
100,0.6243,642.4,1012077,1.5567

Done!
