[data] Loaded 100000 points, dim=960 from data/gist/gist_base_100k.fvecs (fvecs)

========================================
  NN-Descent C++ Experiment
========================================
n=100000 dim=960 k=10
init=RP-Tree
filter=projection

[ground-truth] Loaded from data/gist100k_l2_gt.bin (n=100000 k=10)
[proj-filter] Building: m=32 pτ=0.99 χ²=53.5121 t=7.3152
[proj-filter] Done. Storage: 12 MB
[init] RP-Tree (L=10)
[rp-tree] PyNNDescent-style: L=10 leaf_size=50
[rp-tree] Done. trees=10 leaf_pairs=16036303 dist_comps=16036303
[init] Done. dist_comps=16036303 time=36.5442s
[iter 1] updates=780185 dist=19749381 filtered=1163229 rate=5.56233% cumul=35785684 recall=0.531943 join=18.8234s time=19.1091s
[iter 2] updates=346605 dist=18677662 filtered=1267044 rate=6.35278% cumul=54463346 recall=0.703815 join=17.148s time=17.3844s
[iter 3] updates=120383 dist=11744461 filtered=888980 rate=7.03672% cumul=66207807 recall=0.774983 join=11.2817s time=11.4971s
[iter 4] updates=39207 dist=4653899 filtered=372434 rate=7.40966% cumul=70861706 recall=0.799816 join=5.16107s time=5.38317s
[iter 5] updates=12985 dist=1516941 filtered=122114 rate=7.45027% cumul=72378647 recall=0.808149 join=1.83037s time=2.05357s
[iter 6] updates=4470 dist=501687 filtered=40068 rate=7.39596% cumul=72880334 recall=0.811051 join=0.699737s time=0.939352s
[iter 7] updates=1499 dist=171756 filtered=13724 rate=7.39918% cumul=73052090 recall=0.812019 join=0.23776s time=0.447431s
[iter 8] updates=486 dist=57860 filtered=4295 rate=6.91014% cumul=73109950 recall=0.812324 join=0.0828392s time=0.284917s
[converged] updates=486 < threshold=1000

[final] Recall = 0.812324
[final] Total dist_comps = 73109950
[final] Total time = 93.7851s
[report] Written to results/gist100k_rptree_pt099_search.txt

========================================
  Graph Search
========================================
[data] Loaded 1000 points, dim=960 from data/gist/gist_query_heldout_1k.fvecs (fvecs)
[data] Loaded 1000 vectors, dim=10 from data/gist100k_search_gt_heldout_1k.ivecs (ivecs)
queries=1000 search_k=10 epsilon=0.1 entry_points=1
ef_list=10,20,50,100

ef,recall@10,QPS,dist_comps,time_sec
10,0.4035,3059.8,229674,0.3268
20,0.4728,1984.1,361416,0.5040
50,0.5609,981.0,652540,1.0194
100,0.6264,698.0,1016725,1.4327

Done!
