[data] Loaded 100000 points, dim=960 from data/gist/gist_base_100k.fvecs (fvecs)

========================================
  NN-Descent C++ Experiment
========================================
n=100000 dim=960 k=10
init=RP-Tree
filter=projection

[ground-truth] Loaded from data/gist100k_l2_gt.bin (n=100000 k=10)
[proj-filter] Building: m=32 pτ=0.95 χ²=46.1919 t=6.79646
[proj-filter] Done. Storage: 12 MB
[init] RP-Tree (L=10)
[rp-tree] PyNNDescent-style: L=10 leaf_size=50
[rp-tree] Done. trees=10 leaf_pairs=16036303 dist_comps=16036303
[init] Done. dist_comps=16036303 time=27.2054s
[iter 1] updates=772215 dist=17858906 filtered=3053704 rate=14.6022% cumul=33895209 recall=0.529884 join=15.115s time=15.3512s
[iter 2] updates=343306 dist=16729491 filtered=3185287 rate=15.9946% cumul=50624700 recall=0.699603 join=13.4402s time=13.7007s
[iter 3] updates=118976 dist=10401136 filtered=2160941 rate=17.2021% cumul=61025836 recall=0.769353 join=7.4807s time=7.68845s
[iter 4] updates=38459 dist=4077940 filtered=900690 rate=18.0911% cumul=65103776 recall=0.793514 join=3.03767s time=3.20783s
[iter 5] updates=12710 dist=1325845 filtered=290498 rate=17.9725% cumul=66429621 recall=0.801629 join=1.1251s time=1.28854s
[iter 6] updates=4291 dist=437620 filtered=95252 rate=17.8752% cumul=66867241 recall=0.804424 join=0.419407s time=0.581967s
[iter 7] updates=1470 dist=147115 filtered=32634 rate=18.1553% cumul=67014356 recall=0.805365 join=0.135855s time=0.299046s
[iter 8] updates=524 dist=50900 filtered=10796 rate=17.4987% cumul=67065256 recall=0.805702 join=0.0492594s time=0.218055s
[converged] updates=524 < threshold=1000

[final] Recall = 0.805702
[final] Total dist_comps = 67065256
[final] Total time = 69.6601s
[report] Written to results/rerun_gist100k_rptree_pt095_search.txt

========================================
  Graph Search
========================================
[data] Loaded 1000 points, dim=960 from data/gist/gist_query_heldout_1k.fvecs (fvecs)
[data] Loaded 1000 vectors, dim=10 from data/gist100k_search_gt_heldout_1k.ivecs (ivecs)
queries=1000 search_k=10 epsilon=0.1 entry_points=1
ef_list=10,20,50,100

ef,recall@10,QPS,dist_comps,time_sec
10,0.4029,4550.8,229957,0.2197
20,0.4724,2932.0,361366,0.3411
50,0.5612,1609.4,654387,0.6214
100,0.6292,892.0,1018633,1.1211

Done!
